<?xml version="1.0" encoding="UTF-8"?>
<!-- Generated by org.testng.reporters.JUnitXMLReporter -->
<testsuite ignored="0" hostname="DESKTOP-Q9JTLRU" failures="0" tests="3" name="Test_Edge" time="22.541" errors="0" timestamp="2025-07-14T14:50:07 IST">
  <testcase classname="TestNG_task.Swiggy" name="login" time="7.495"/>
  <testcase classname="TestNG_task.FaceBook" name="login" time="7.789"/>
  <testcase classname="TestNG_task.FlipKart" name="login" time="7.171"/>
</testsuite> <!-- Test_Edge -->
