<?xml version="1.0" encoding="UTF-8"?>
<!-- Generated by org.testng.reporters.JUnitXMLReporter -->
<testsuite ignored="0" hostname="DESKTOP-Q9JTLRU" failures="0" tests="3" name="Test_Chrome" time="26.264" errors="0" timestamp="2025-07-14T14:50:10 IST">
  <testcase classname="TestNG_task.Swiggy" name="login" time="14.715"/>
  <testcase classname="TestNG_task.FaceBook" name="login" time="5.465"/>
  <testcase classname="TestNG_task.FlipKart" name="login" time="6.009"/>
</testsuite> <!-- Test_Chrome -->
