<?xml version="1.0" encoding="UTF-8"?>
<testng-results ignored="0" total="2" passed="2" failed="0" skipped="0">
  <reporter-output>
  </reporter-output>
  <suite started-at="2025-07-17T14:40:54 IST" name="Suite" finished-at="2025-07-17T14:40:54 IST" duration-ms="91">
    <groups>
    </groups>
    <test started-at="2025-07-17T14:40:54 IST" name="Test" finished-at="2025-07-17T14:40:54 IST" duration-ms="91">
      <class name="ListenerUtilization.ListenerUtilization">
        <test-method is-config="true" signature="bs()[pri:0, instance:ListenerUtilization.ListenerUtilization@5bda8e08]" started-at="2025-07-17T14:40:54 IST" name="bs" finished-at="2025-07-17T14:40:54 IST" duration-ms="14" status="PASS">
          <reporter-output>
          </reporter-output>
        </test-method> <!-- bs -->
        <test-method is-config="true" signature="bt()[pri:0, instance:ListenerUtilization.ListenerUtilization@5bda8e08]" started-at="2025-07-17T14:40:54 IST" name="bt" finished-at="2025-07-17T14:40:54 IST" duration-ms="1" status="PASS">
          <reporter-output>
          </reporter-output>
        </test-method> <!-- bt -->
        <test-method is-config="true" signature="bc()[pri:0, instance:ListenerUtilization.ListenerUtilization@5bda8e08]" started-at="2025-07-17T14:40:54 IST" name="bc" finished-at="2025-07-17T14:40:54 IST" duration-ms="1" status="PASS">
          <reporter-output>
          </reporter-output>
        </test-method> <!-- bc -->
        <test-method is-config="true" signature="bm()[pri:0, instance:ListenerUtilization.ListenerUtilization@5bda8e08]" started-at="2025-07-17T14:40:54 IST" name="bm" finished-at="2025-07-17T14:40:54 IST" duration-ms="1" status="PASS">
          <reporter-output>
          </reporter-output>
        </test-method> <!-- bm -->
        <test-method signature="demo()[pri:0, instance:ListenerUtilization.ListenerUtilization@5bda8e08]" started-at="2025-07-17T14:40:54 IST" name="demo" finished-at="2025-07-17T14:40:54 IST" duration-ms="11" status="PASS">
          <reporter-output>
          </reporter-output>
        </test-method> <!-- demo -->
        <test-method is-config="true" signature="am()[pri:0, instance:ListenerUtilization.ListenerUtilization@5bda8e08]" started-at="2025-07-17T14:40:54 IST" name="am" finished-at="2025-07-17T14:40:54 IST" duration-ms="2" status="PASS">
          <reporter-output>
          </reporter-output>
        </test-method> <!-- am -->
        <test-method is-config="true" signature="ac()[pri:0, instance:ListenerUtilization.ListenerUtilization@5bda8e08]" started-at="2025-07-17T14:40:54 IST" name="ac" finished-at="2025-07-17T14:40:54 IST" duration-ms="1" status="PASS">
          <reporter-output>
          </reporter-output>
        </test-method> <!-- ac -->
        <test-method is-config="true" signature="at()[pri:0, instance:ListenerUtilization.ListenerUtilization@5bda8e08]" started-at="2025-07-17T14:40:54 IST" name="at" finished-at="2025-07-17T14:40:54 IST" duration-ms="0" status="PASS">
          <reporter-output>
          </reporter-output>
        </test-method> <!-- at -->
        <test-method is-config="true" signature="as()[pri:0, instance:ListenerUtilization.ListenerUtilization@5bda8e08]" started-at="2025-07-17T14:40:54 IST" name="as" finished-at="2025-07-17T14:40:54 IST" duration-ms="1" status="PASS">
          <reporter-output>
          </reporter-output>
        </test-method> <!-- as -->
      </class> <!-- ListenerUtilization.ListenerUtilization -->
      <class name="ListenerUtilization.Listeners2">
        <test-method is-config="true" signature="bc()[pri:0, instance:ListenerUtilization.Listeners2@3b0090a4]" started-at="2025-07-17T14:40:54 IST" name="bc" finished-at="2025-07-17T14:40:54 IST" duration-ms="1" status="PASS">
          <reporter-output>
          </reporter-output>
        </test-method> <!-- bc -->
        <test-method is-config="true" signature="bm()[pri:0, instance:ListenerUtilization.Listeners2@3b0090a4]" started-at="2025-07-17T14:40:54 IST" name="bm" finished-at="2025-07-17T14:40:54 IST" duration-ms="1" status="PASS">
          <reporter-output>
          </reporter-output>
        </test-method> <!-- bm -->
        <test-method signature="demo1()[pri:0, instance:ListenerUtilization.Listeners2@3b0090a4]" started-at="2025-07-17T14:40:54 IST" name="demo1" finished-at="2025-07-17T14:40:54 IST" duration-ms="2" status="PASS">
          <reporter-output>
          </reporter-output>
        </test-method> <!-- demo1 -->
        <test-method is-config="true" signature="am()[pri:0, instance:ListenerUtilization.Listeners2@3b0090a4]" started-at="2025-07-17T14:40:54 IST" name="am" finished-at="2025-07-17T14:40:54 IST" duration-ms="1" status="PASS">
          <reporter-output>
          </reporter-output>
        </test-method> <!-- am -->
        <test-method is-config="true" signature="ac()[pri:0, instance:ListenerUtilization.Listeners2@3b0090a4]" started-at="2025-07-17T14:40:54 IST" name="ac" finished-at="2025-07-17T14:40:54 IST" duration-ms="1" status="PASS">
          <reporter-output>
          </reporter-output>
        </test-method> <!-- ac -->
      </class> <!-- ListenerUtilization.Listeners2 -->
    </test> <!-- Test -->
  </suite> <!-- Suite -->
</testng-results>
